[ 2018-07-24T15:05:06+08:00 ] 172.66.66.168 /index.php/Old/index
INFO: [ app_init ] --START--
INFO: Run Behavior\BuildLiteBehavior [ RunTime:0.000000s ]
INFO: [ app_init ] --END-- [ RunTime:0.000000s ]
INFO: [ app_begin ] --START--
INFO: Run Behavior\ReadHtmlCacheBehavior [ RunTime:0.001000s ]
INFO: [ app_begin ] --END-- [ RunTime:0.001000s ]
NOTIC: [8192] mysql_connect(): The mysql extension is deprecated and will be removed in the future: use mysqli or PDO instead D:\phpStudy\WWW\jianxin\library\ThinkPHP\Library\Think\Db\Driver\Mysql.class.php 第 52 行.
SQL: select id,title,date,imagepath from articles where typeId=19 and state=8 order by id desc limit 0,5 [ RunTime:0.003000s ]
SQL: SHOW COLUMNS FROM `bless` [ RunTime:0.011001s ]
SQL: SELECT * FROM `bless` WHERE ( typeId=1 )  [ RunTime:0.001000s ]
SQL: SELECT * FROM `bless` WHERE ( typeId=2 )  [ RunTime:0.000000s ]
SQL: SELECT * FROM `bless` WHERE ( typeId=3 )  [ RunTime:0.001000s ]
SQL: SELECT * FROM `bless` WHERE ( typeId=4 )  [ RunTime:0.000000s ]
SQL: SELECT * FROM `bless` WHERE ( typeId=5 )  [ RunTime:0.003000s ]
SQL: select a.id,a.username,count(b.userId) as count from admin a,articles b where a.id = b.userId and b.state=8 and a.state<9 and dateandtime > '2018-01-01 00:00:00' GROUP by b.userId  order by count desc limit 0,6 [ RunTime:0.003001s ]
SQL: select * from articles where typeId=18 and state=8 order by id desc limit 0,1 [ RunTime:0.002000s ]
SQL: select id,title,date from articles where typeId=14 and state=8 order by id desc limit 0,10 [ RunTime:0.001000s ]
SQL: select id,title,date from articles where typeId=15 and state=8 order by id desc limit 0,5 [ RunTime:0.003000s ]
SQL: select dateandtime,DATE_ADD(dateandtime,INTERVAL 1 week) as time,id,title,date,imagepath,content from articles where typeId=16 and state=8 order by id desc limit 0,5 [ RunTime:0.003000s ]
SQL: select dateandtime,DATE_ADD(dateandtime,INTERVAL 1 week) as time,id,title,date from articles where typeId=17 and state=8 order by id desc limit 0,5 [ RunTime:0.005000s ]
SQL: select dateandtime,DATE_ADD(dateandtime,INTERVAL 1 week) as time,id,title,date,imagepath from articles where typeId=1 and state=8 order by id desc limit 0,9 [ RunTime:0.002001s ]
SQL: select dateandtime,DATE_ADD(dateandtime,INTERVAL 1 week) as time,id,title,date from articles where typeId=2 and state=8 order by id desc limit 0,8 [ RunTime:0.003000s ]
SQL: select dateandtime,DATE_ADD(dateandtime,INTERVAL 1 week) as time,id,title,date from articles where typeId=3 and state=8 order by id desc limit 0,8 [ RunTime:0.002000s ]
SQL: select dateandtime,DATE_ADD(dateandtime,INTERVAL 1 week) as time,id,title,date from articles where typeId=4 and state=8 order by id desc limit 0,8 [ RunTime:0.003000s ]
SQL: select dateandtime,DATE_ADD(dateandtime,INTERVAL 1 week) as time,id,title,date from articles where typeId=5 and state=8 order by id desc limit 0,8 [ RunTime:0.003000s ]
SQL: select dateandtime,DATE_ADD(dateandtime,INTERVAL 1 week) as time,id,title,date from articles where typeId=6 and state=8 order by id desc limit 0,8 [ RunTime:0.005000s ]
SQL: select dateandtime,DATE_ADD(dateandtime,INTERVAL 1 week) as time,id,title,date from articles where typeId=7 and state=8 order by id desc limit 0,8 [ RunTime:0.003001s ]
SQL: select dateandtime,DATE_ADD(dateandtime,INTERVAL 1 week) as time,id,title,date from articles where typeId=8 and state=8 order by id desc limit 0,8 [ RunTime:0.003000s ]
SQL: select dateandtime,DATE_ADD(dateandtime,INTERVAL 1 week) as time,id,title,date from articles where typeId=9 and state=8 order by id desc limit 0,8 [ RunTime:0.004000s ]
SQL: select dateandtime,DATE_ADD(dateandtime,INTERVAL 1 week) as time,id,title,date from articles where typeId=10 and state=8 order by id desc limit 0,8 [ RunTime:0.020001s ]
SQL: select dateandtime,DATE_ADD(dateandtime,INTERVAL 1 week) as time,id,title,date from articles where typeId=11 and state=8 order by id desc limit 0,8 [ RunTime:0.003000s ]
SQL: select dateandtime,DATE_ADD(dateandtime,INTERVAL 1 week) as time,id,title,date from articles where typeId=12 and state=8 order by id desc limit 0,8 [ RunTime:0.003001s ]
SQL: select dateandtime,DATE_ADD(dateandtime,INTERVAL 1 week) as time,id,title,date from articles where typeId=13 and state=8 order by id desc limit 0,8 [ RunTime:0.003000s ]
SQL: select * from articles where id=277 [ RunTime:0.001000s ]
SQL: select * from articles where typeId=10 order by id desc limit 1 [ RunTime:0.004000s ]
INFO: [ view_parse ] --START--
INFO: [ template_filter ] --START--
INFO: Run Behavior\ContentReplaceBehavior [ RunTime:0.001000s ]
INFO: [ template_filter ] --END-- [ RunTime:0.001000s ]
INFO: Run Behavior\ParseTemplateBehavior [ RunTime:0.067004s ]
INFO: [ view_parse ] --END-- [ RunTime:0.067004s ]
INFO: [ view_filter ] --START--
INFO: Run Behavior\WriteHtmlCacheBehavior [ RunTime:0.001000s ]
INFO: [ view_filter ] --END-- [ RunTime:0.001000s ]
INFO: [ app_end ] --START--
INFO: Run Behavior\ShowPageTraceBehavior [ RunTime:0.001000s ]
INFO: [ app_end ] --END-- [ RunTime:0.001000s ]

[ 2018-07-24T15:05:37+08:00 ] 172.66.66.168 /index.php/Old/index
INFO: [ app_init ] --START--
INFO: Run Behavior\BuildLiteBehavior [ RunTime:0.000000s ]
INFO: [ app_init ] --END-- [ RunTime:0.001000s ]
INFO: [ app_begin ] --START--
INFO: Run Behavior\ReadHtmlCacheBehavior [ RunTime:0.001000s ]
INFO: [ app_begin ] --END-- [ RunTime:0.001000s ]
NOTIC: [8192] mysql_connect(): The mysql extension is deprecated and will be removed in the future: use mysqli or PDO instead D:\phpStudy\WWW\jianxin\library\ThinkPHP\Library\Think\Db\Driver\Mysql.class.php 第 52 行.
SQL: select id,title,date,imagepath from articles where typeId=19 and state=8 order by id desc limit 0,5 [ RunTime:0.001000s ]
SQL: SHOW COLUMNS FROM `bless` [ RunTime:0.007000s ]
SQL: SELECT * FROM `bless` WHERE ( typeId=1 )  [ RunTime:0.000000s ]
SQL: SELECT * FROM `bless` WHERE ( typeId=2 )  [ RunTime:0.000000s ]
SQL: SELECT * FROM `bless` WHERE ( typeId=3 )  [ RunTime:0.001000s ]
SQL: SELECT * FROM `bless` WHERE ( typeId=4 )  [ RunTime:0.000000s ]
SQL: SELECT * FROM `bless` WHERE ( typeId=5 )  [ RunTime:0.000000s ]
SQL: select a.id,a.username,count(b.userId) as count from admin a,articles b where a.id = b.userId and b.state=8 and a.state<9 and dateandtime > '2018-01-01 00:00:00' GROUP by b.userId  order by count desc limit 0,6 [ RunTime:0.001000s ]
SQL: select * from articles where typeId=18 and state=8 order by id desc limit 0,1 [ RunTime:0.001000s ]
SQL: select id,title,date from articles where typeId=14 and state=8 order by id desc limit 0,10 [ RunTime:0.000000s ]
SQL: select id,title,date from articles where typeId=15 and state=8 order by id desc limit 0,5 [ RunTime:0.003001s ]
SQL: select dateandtime,DATE_ADD(dateandtime,INTERVAL 1 week) as time,id,title,date,imagepath,content from articles where typeId=16 and state=8 order by id desc limit 0,5 [ RunTime:0.002000s ]
SQL: select dateandtime,DATE_ADD(dateandtime,INTERVAL 1 week) as time,id,title,date from articles where typeId=17 and state=8 order by id desc limit 0,5 [ RunTime:0.001000s ]
SQL: select dateandtime,DATE_ADD(dateandtime,INTERVAL 1 week) as time,id,title,date,imagepath from articles where typeId=1 and state=8 order by id desc limit 0,9 [ RunTime:0.001000s ]
SQL: select dateandtime,DATE_ADD(dateandtime,INTERVAL 1 week) as time,id,title,date from articles where typeId=2 and state=8 order by id desc limit 0,8 [ RunTime:0.002000s ]
SQL: select dateandtime,DATE_ADD(dateandtime,INTERVAL 1 week) as time,id,title,date from articles where typeId=3 and state=8 order by id desc limit 0,8 [ RunTime:0.001000s ]
SQL: select dateandtime,DATE_ADD(dateandtime,INTERVAL 1 week) as time,id,title,date from articles where typeId=4 and state=8 order by id desc limit 0,8 [ RunTime:0.002000s ]
SQL: select dateandtime,DATE_ADD(dateandtime,INTERVAL 1 week) as time,id,title,date from articles where typeId=5 and state=8 order by id desc limit 0,8 [ RunTime:0.002000s ]
SQL: select dateandtime,DATE_ADD(dateandtime,INTERVAL 1 week) as time,id,title,date from articles where typeId=6 and state=8 order by id desc limit 0,8 [ RunTime:0.004000s ]
SQL: select dateandtime,DATE_ADD(dateandtime,INTERVAL 1 week) as time,id,title,date from articles where typeId=7 and state=8 order by id desc limit 0,8 [ RunTime:0.003001s ]
SQL: select dateandtime,DATE_ADD(dateandtime,INTERVAL 1 week) as time,id,title,date from articles where typeId=8 and state=8 order by id desc limit 0,8 [ RunTime:0.004000s ]
SQL: select dateandtime,DATE_ADD(dateandtime,INTERVAL 1 week) as time,id,title,date from articles where typeId=9 and state=8 order by id desc limit 0,8 [ RunTime:0.004000s ]
SQL: select dateandtime,DATE_ADD(dateandtime,INTERVAL 1 week) as time,id,title,date from articles where typeId=10 and state=8 order by id desc limit 0,8 [ RunTime:0.003000s ]
SQL: select dateandtime,DATE_ADD(dateandtime,INTERVAL 1 week) as time,id,title,date from articles where typeId=11 and state=8 order by id desc limit 0,8 [ RunTime:0.003000s ]
SQL: select dateandtime,DATE_ADD(dateandtime,INTERVAL 1 week) as time,id,title,date from articles where typeId=12 and state=8 order by id desc limit 0,8 [ RunTime:0.003001s ]
SQL: select dateandtime,DATE_ADD(dateandtime,INTERVAL 1 week) as time,id,title,date from articles where typeId=13 and state=8 order by id desc limit 0,8 [ RunTime:0.002000s ]
SQL: select * from articles where id=277 [ RunTime:0.000000s ]
SQL: select * from articles where typeId=10 order by id desc limit 1 [ RunTime:0.001000s ]
INFO: [ view_parse ] --START--
INFO: [ template_filter ] --START--
INFO: Run Behavior\ContentReplaceBehavior [ RunTime:0.000000s ]
INFO: [ template_filter ] --END-- [ RunTime:0.000000s ]
INFO: Run Behavior\ParseTemplateBehavior [ RunTime:0.028001s ]
INFO: [ view_parse ] --END-- [ RunTime:0.028001s ]
INFO: [ view_filter ] --START--
INFO: Run Behavior\WriteHtmlCacheBehavior [ RunTime:0.001000s ]
INFO: [ view_filter ] --END-- [ RunTime:0.001000s ]
INFO: [ app_end ] --START--
INFO: Run Behavior\ShowPageTraceBehavior [ RunTime:0.000000s ]
INFO: [ app_end ] --END-- [ RunTime:0.000000s ]

[ 2018-07-24T15:05:47+08:00 ] 172.66.66.168 /index.php/Old/index
INFO: [ app_init ] --START--
INFO: Run Behavior\BuildLiteBehavior [ RunTime:0.000000s ]
INFO: [ app_init ] --END-- [ RunTime:0.000000s ]
INFO: [ app_begin ] --START--
INFO: Run Behavior\ReadHtmlCacheBehavior [ RunTime:0.001000s ]
INFO: [ app_begin ] --END-- [ RunTime:0.001000s ]
NOTIC: [8192] mysql_connect(): The mysql extension is deprecated and will be removed in the future: use mysqli or PDO instead D:\phpStudy\WWW\jianxin\library\ThinkPHP\Library\Think\Db\Driver\Mysql.class.php 第 52 行.
SQL: select id,title,date,imagepath from articles where typeId=19 and state=8 order by id desc limit 0,5 [ RunTime:0.001000s ]
SQL: SHOW COLUMNS FROM `bless` [ RunTime:0.007000s ]
SQL: SELECT * FROM `bless` WHERE ( typeId=1 )  [ RunTime:0.001000s ]
SQL: SELECT * FROM `bless` WHERE ( typeId=2 )  [ RunTime:0.000000s ]
SQL: SELECT * FROM `bless` WHERE ( typeId=3 )  [ RunTime:0.001000s ]
SQL: SELECT * FROM `bless` WHERE ( typeId=4 )  [ RunTime:0.000000s ]
SQL: SELECT * FROM `bless` WHERE ( typeId=5 )  [ RunTime:0.000000s ]
SQL: select a.id,a.username,count(b.userId) as count from admin a,articles b where a.id = b.userId and b.state=8 and a.state<9 and dateandtime > '2018-01-01 00:00:00' GROUP by b.userId  order by count desc limit 0,6 [ RunTime:0.002000s ]
SQL: select * from articles where typeId=18 and state=8 order by id desc limit 0,1 [ RunTime:0.000000s ]
SQL: select id,title,date from articles where typeId=14 and state=8 order by id desc limit 0,10 [ RunTime:0.001000s ]
SQL: select id,title,date from articles where typeId=15 and state=8 order by id desc limit 0,5 [ RunTime:0.002001s ]
SQL: select dateandtime,DATE_ADD(dateandtime,INTERVAL 1 week) as time,id,title,date,imagepath,content from articles where typeId=16 and state=8 order by id desc limit 0,5 [ RunTime:0.002000s ]
SQL: select dateandtime,DATE_ADD(dateandtime,INTERVAL 1 week) as time,id,title,date from articles where typeId=17 and state=8 order by id desc limit 0,5 [ RunTime:0.002000s ]
SQL: select dateandtime,DATE_ADD(dateandtime,INTERVAL 1 week) as time,id,title,date,imagepath from articles where typeId=1 and state=8 order by id desc limit 0,9 [ RunTime:0.002000s ]
SQL: select dateandtime,DATE_ADD(dateandtime,INTERVAL 1 week) as time,id,title,date from articles where typeId=2 and state=8 order by id desc limit 0,8 [ RunTime:0.003000s ]
SQL: select dateandtime,DATE_ADD(dateandtime,INTERVAL 1 week) as time,id,title,date from articles where typeId=3 and state=8 order by id desc limit 0,8 [ RunTime:0.001000s ]
SQL: select dateandtime,DATE_ADD(dateandtime,INTERVAL 1 week) as time,id,title,date from articles where typeId=4 and state=8 order by id desc limit 0,8 [ RunTime:0.001000s ]
SQL: select dateandtime,DATE_ADD(dateandtime,INTERVAL 1 week) as time,id,title,date from articles where typeId=5 and state=8 order by id desc limit 0,8 [ RunTime:0.002000s ]
SQL: select dateandtime,DATE_ADD(dateandtime,INTERVAL 1 week) as time,id,title,date from articles where typeId=6 and state=8 order by id desc limit 0,8 [ RunTime:0.001000s ]
SQL: select dateandtime,DATE_ADD(dateandtime,INTERVAL 1 week) as time,id,title,date from articles where typeId=7 and state=8 order by id desc limit 0,8 [ RunTime:0.003001s ]
SQL: select dateandtime,DATE_ADD(dateandtime,INTERVAL 1 week) as time,id,title,date from articles where typeId=8 and state=8 order by id desc limit 0,8 [ RunTime:0.002000s ]
SQL: select dateandtime,DATE_ADD(dateandtime,INTERVAL 1 week) as time,id,title,date from articles where typeId=9 and state=8 order by id desc limit 0,8 [ RunTime:0.002000s ]
SQL: select dateandtime,DATE_ADD(dateandtime,INTERVAL 1 week) as time,id,title,date from articles where typeId=10 and state=8 order by id desc limit 0,8 [ RunTime:0.003000s ]
SQL: select dateandtime,DATE_ADD(dateandtime,INTERVAL 1 week) as time,id,title,date from articles where typeId=11 and state=8 order by id desc limit 0,8 [ RunTime:0.002000s ]
SQL: select dateandtime,DATE_ADD(dateandtime,INTERVAL 1 week) as time,id,title,date from articles where typeId=12 and state=8 order by id desc limit 0,8 [ RunTime:0.002000s ]
SQL: select dateandtime,DATE_ADD(dateandtime,INTERVAL 1 week) as time,id,title,date from articles where typeId=13 and state=8 order by id desc limit 0,8 [ RunTime:0.001000s ]
SQL: select * from articles where id=277 [ RunTime:0.000000s ]
SQL: select * from articles where typeId=10 order by id desc limit 1 [ RunTime:0.000000s ]
INFO: [ view_parse ] --START--
INFO: [ template_filter ] --START--
INFO: Run Behavior\ContentReplaceBehavior [ RunTime:0.001000s ]
INFO: [ template_filter ] --END-- [ RunTime:0.001000s ]
INFO: Run Behavior\ParseTemplateBehavior [ RunTime:0.032002s ]
INFO: [ view_parse ] --END-- [ RunTime:0.032002s ]
INFO: [ view_filter ] --START--
INFO: Run Behavior\WriteHtmlCacheBehavior [ RunTime:0.001000s ]
INFO: [ view_filter ] --END-- [ RunTime:0.001000s ]
INFO: [ app_end ] --START--
INFO: Run Behavior\ShowPageTraceBehavior [ RunTime:0.000000s ]
INFO: [ app_end ] --END-- [ RunTime:0.000000s ]

[ 2018-07-24T15:05:57+08:00 ] 172.66.66.168 /index.php
INFO: [ app_init ] --START--
INFO: Run Behavior\BuildLiteBehavior [ RunTime:0.000000s ]
INFO: [ app_init ] --END-- [ RunTime:0.001000s ]
INFO: [ app_begin ] --START--
INFO: Run Behavior\ReadHtmlCacheBehavior [ RunTime:0.001000s ]
INFO: [ app_begin ] --END-- [ RunTime:0.001000s ]
NOTIC: [8192] mysql_connect(): The mysql extension is deprecated and will be removed in the future: use mysqli or PDO instead D:\phpStudy\WWW\jianxin\library\ThinkPHP\Library\Think\Db\Driver\Mysql.class.php 第 52 行.
SQL: select id,title,date,imagepath from articles where typeId=19 and state=8 order by id desc limit 0,5 [ RunTime:0.001000s ]
SQL: SHOW COLUMNS FROM `bless` [ RunTime:0.008001s ]
SQL: SELECT * FROM `bless` WHERE ( typeId=1 )  [ RunTime:0.000000s ]
SQL: SELECT * FROM `bless` WHERE ( typeId=2 )  [ RunTime:0.000000s ]
SQL: SELECT * FROM `bless` WHERE ( typeId=3 )  [ RunTime:0.000000s ]
SQL: SELECT * FROM `bless` WHERE ( typeId=4 )  [ RunTime:0.001000s ]
SQL: SELECT * FROM `bless` WHERE ( typeId=5 )  [ RunTime:0.000000s ]
SQL: select a.id,a.username,count(b.userId) as count from admin a,articles b where a.id = b.userId and b.state=8 and a.state<9 and dateandtime > '2018-01-01 00:00:00' GROUP by b.userId  order by count desc limit 0,6 [ RunTime:0.002000s ]
SQL: select * from articles where typeId=18 and state=8 order by id desc limit 0,1 [ RunTime:0.001000s ]
SQL: select id,title,date from articles where typeId=14 and state=8 order by id desc limit 0,10 [ RunTime:0.000000s ]
SQL: select id,title,date from articles where typeId=15 and state=8 order by id desc limit 0,5 [ RunTime:0.002000s ]
SQL: select dateandtime,DATE_ADD(dateandtime,INTERVAL 1 week) as time,id,title,date,imagepath,content from articles where typeId=16 and state=8 order by id desc limit 0,5 [ RunTime:0.003000s ]
SQL: select dateandtime,DATE_ADD(dateandtime,INTERVAL 1 week) as time,id,title,date from articles where typeId=17 and state=8 order by id desc limit 0,5 [ RunTime:0.002000s ]
SQL: select dateandtime,DATE_ADD(dateandtime,INTERVAL 1 week) as time,id,title,date,imagepath from articles where typeId=1 and state=8 order by id desc limit 0,9 [ RunTime:0.001000s ]
SQL: select dateandtime,DATE_ADD(dateandtime,INTERVAL 1 week) as time,id,title,date from articles where typeId=2 and state=8 order by id desc limit 0,8 [ RunTime:0.001000s ]
SQL: select dateandtime,DATE_ADD(dateandtime,INTERVAL 1 week) as time,id,title,date from articles where typeId=3 and state=8 order by id desc limit 0,8 [ RunTime:0.001001s ]
SQL: select dateandtime,DATE_ADD(dateandtime,INTERVAL 1 week) as time,id,title,date from articles where typeId=4 and state=8 order by id desc limit 0,8 [ RunTime:0.002000s ]
SQL: select dateandtime,DATE_ADD(dateandtime,INTERVAL 1 week) as time,id,title,date from articles where typeId=5 and state=8 order by id desc limit 0,8 [ RunTime:0.001000s ]
SQL: select dateandtime,DATE_ADD(dateandtime,INTERVAL 1 week) as time,id,title,date from articles where typeId=6 and state=8 order by id desc limit 0,8 [ RunTime:0.001000s ]
SQL: select dateandtime,DATE_ADD(dateandtime,INTERVAL 1 week) as time,id,title,date from articles where typeId=7 and state=8 order by id desc limit 0,8 [ RunTime:0.001000s ]
SQL: select dateandtime,DATE_ADD(dateandtime,INTERVAL 1 week) as time,id,title,date from articles where typeId=8 and state=8 order by id desc limit 0,8 [ RunTime:0.002000s ]
SQL: select dateandtime,DATE_ADD(dateandtime,INTERVAL 1 week) as time,id,title,date from articles where typeId=9 and state=8 order by id desc limit 0,8 [ RunTime:0.002000s ]
SQL: select dateandtime,DATE_ADD(dateandtime,INTERVAL 1 week) as time,id,title,date from articles where typeId=10 and state=8 order by id desc limit 0,8 [ RunTime:0.002000s ]
SQL: select dateandtime,DATE_ADD(dateandtime,INTERVAL 1 week) as time,id,title,date from articles where typeId=11 and state=8 order by id desc limit 0,8 [ RunTime:0.001000s ]
SQL: select dateandtime,DATE_ADD(dateandtime,INTERVAL 1 week) as time,id,title,date from articles where typeId=12 and state=8 order by id desc limit 0,8 [ RunTime:0.002000s ]
SQL: select dateandtime,DATE_ADD(dateandtime,INTERVAL 1 week) as time,id,title,date from articles where typeId=13 and state=8 order by id desc limit 0,8 [ RunTime:0.002001s ]
SQL: select * from articles where id=277 [ RunTime:0.000000s ]
SQL: select * from articles where typeId=10 order by id desc limit 1 [ RunTime:0.000000s ]
INFO: [ view_parse ] --START--
INFO: [ template_filter ] --START--
INFO: Run Behavior\ContentReplaceBehavior [ RunTime:0.000000s ]
INFO: [ template_filter ] --END-- [ RunTime:0.000000s ]
INFO: Run Behavior\ParseTemplateBehavior [ RunTime:0.028001s ]
INFO: [ view_parse ] --END-- [ RunTime:0.028001s ]
INFO: [ view_filter ] --START--
INFO: Run Behavior\WriteHtmlCacheBehavior [ RunTime:0.001000s ]
INFO: [ view_filter ] --END-- [ RunTime:0.001000s ]
INFO: [ app_end ] --START--
INFO: Run Behavior\ShowPageTraceBehavior [ RunTime:0.000000s ]
INFO: [ app_end ] --END-- [ RunTime:0.000000s ]

[ 2018-07-24T15:07:16+08:00 ] 172.66.66.168 /index.php
INFO: [ app_init ] --START--
INFO: Run Behavior\BuildLiteBehavior [ RunTime:0.001000s ]
INFO: [ app_init ] --END-- [ RunTime:0.001000s ]
INFO: [ app_begin ] --START--
INFO: Run Behavior\ReadHtmlCacheBehavior [ RunTime:0.000000s ]
INFO: [ app_begin ] --END-- [ RunTime:0.002000s ]
NOTIC: [8192] mysql_connect(): The mysql extension is deprecated and will be removed in the future: use mysqli or PDO instead D:\phpStudy\WWW\jianxin\library\ThinkPHP\Library\Think\Db\Driver\Mysql.class.php 第 52 行.
SQL: select id,title,date,imagepath from articles where typeId=19 and state=8 order by id desc limit 0,5 [ RunTime:0.001000s ]
SQL: SHOW COLUMNS FROM `bless` [ RunTime:0.007001s ]
SQL: SELECT * FROM `bless` WHERE ( typeId=1 )  [ RunTime:0.000000s ]
SQL: SELECT * FROM `bless` WHERE ( typeId=2 )  [ RunTime:0.000000s ]
SQL: SELECT * FROM `bless` WHERE ( typeId=3 )  [ RunTime:0.000000s ]
SQL: SELECT * FROM `bless` WHERE ( typeId=4 )  [ RunTime:0.000000s ]
SQL: SELECT * FROM `bless` WHERE ( typeId=5 )  [ RunTime:0.000000s ]
SQL: select a.id,a.username,count(b.userId) as count from admin a,articles b where a.id = b.userId and b.state=8 and a.state<9 and dateandtime > '2018-01-01 00:00:00' GROUP by b.userId  order by count desc limit 0,6 [ RunTime:0.001000s ]
SQL: select * from articles where typeId=18 and state=8 order by id desc limit 0,1 [ RunTime:0.000000s ]
SQL: select id,title,date from articles where typeId=14 and state=8 order by id desc limit 0,10 [ RunTime:0.001000s ]
SQL: select id,title,date from articles where typeId=15 and state=8 order by id desc limit 0,5 [ RunTime:0.001000s ]
SQL: select dateandtime,DATE_ADD(dateandtime,INTERVAL 1 week) as time,id,title,date,imagepath,content from articles where typeId=16 and state=8 order by id desc limit 0,5 [ RunTime:0.001000s ]
SQL: select dateandtime,DATE_ADD(dateandtime,INTERVAL 1 week) as time,id,title,date from articles where typeId=17 and state=8 order by id desc limit 0,5 [ RunTime:0.001000s ]
SQL: select dateandtime,DATE_ADD(dateandtime,INTERVAL 1 week) as time,id,title,date,imagepath from articles where typeId=1 and state=8 order by id desc limit 0,9 [ RunTime:0.001000s ]
SQL: select dateandtime,DATE_ADD(dateandtime,INTERVAL 1 week) as time,id,title,date from articles where typeId=2 and state=8 order by id desc limit 0,8 [ RunTime:0.002000s ]
SQL: select dateandtime,DATE_ADD(dateandtime,INTERVAL 1 week) as time,id,title,date from articles where typeId=3 and state=8 order by id desc limit 0,8 [ RunTime:0.002001s ]
SQL: select dateandtime,DATE_ADD(dateandtime,INTERVAL 1 week) as time,id,title,date from articles where typeId=4 and state=8 order by id desc limit 0,8 [ RunTime:0.003000s ]
SQL: select dateandtime,DATE_ADD(dateandtime,INTERVAL 1 week) as time,id,title,date from articles where typeId=5 and state=8 order by id desc limit 0,8 [ RunTime:0.002000s ]
SQL: select dateandtime,DATE_ADD(dateandtime,INTERVAL 1 week) as time,id,title,date from articles where typeId=6 and state=8 order by id desc limit 0,8 [ RunTime:0.001000s ]
SQL: select dateandtime,DATE_ADD(dateandtime,INTERVAL 1 week) as time,id,title,date from articles where typeId=7 and state=8 order by id desc limit 0,8 [ RunTime:0.002000s ]
SQL: select dateandtime,DATE_ADD(dateandtime,INTERVAL 1 week) as time,id,title,date from articles where typeId=8 and state=8 order by id desc limit 0,8 [ RunTime:0.002000s ]
SQL: select dateandtime,DATE_ADD(dateandtime,INTERVAL 1 week) as time,id,title,date from articles where typeId=9 and state=8 order by id desc limit 0,8 [ RunTime:0.001000s ]
SQL: select dateandtime,DATE_ADD(dateandtime,INTERVAL 1 week) as time,id,title,date from articles where typeId=10 and state=8 order by id desc limit 0,8 [ RunTime:0.002000s ]
SQL: select dateandtime,DATE_ADD(dateandtime,INTERVAL 1 week) as time,id,title,date from articles where typeId=11 and state=8 order by id desc limit 0,8 [ RunTime:0.002000s ]
SQL: select dateandtime,DATE_ADD(dateandtime,INTERVAL 1 week) as time,id,title,date from articles where typeId=12 and state=8 order by id desc limit 0,8 [ RunTime:0.002001s ]
SQL: select dateandtime,DATE_ADD(dateandtime,INTERVAL 1 week) as time,id,title,date from articles where typeId=13 and state=8 order by id desc limit 0,8 [ RunTime:0.002000s ]
SQL: select * from articles where id=277 [ RunTime:0.001000s ]
SQL: select * from articles where typeId=10 order by id desc limit 1 [ RunTime:0.000000s ]
INFO: [ view_parse ] --START--
INFO: [ template_filter ] --START--
INFO: Run Behavior\ContentReplaceBehavior [ RunTime:0.000000s ]
INFO: [ template_filter ] --END-- [ RunTime:0.000000s ]
INFO: Run Behavior\ParseTemplateBehavior [ RunTime:0.027001s ]
INFO: [ view_parse ] --END-- [ RunTime:0.027001s ]
INFO: [ view_filter ] --START--
INFO: Run Behavior\WriteHtmlCacheBehavior [ RunTime:0.000000s ]
INFO: [ view_filter ] --END-- [ RunTime:0.000000s ]
INFO: [ app_end ] --START--
INFO: Run Behavior\ShowPageTraceBehavior [ RunTime:0.000000s ]
INFO: [ app_end ] --END-- [ RunTime:0.001000s ]

[ 2018-07-24T15:07:16+08:00 ] 172.66.66.168 /index.php/Old/index
INFO: [ app_init ] --START--
INFO: Run Behavior\BuildLiteBehavior [ RunTime:0.000000s ]
INFO: [ app_init ] --END-- [ RunTime:0.001000s ]
INFO: [ app_begin ] --START--
INFO: Run Behavior\ReadHtmlCacheBehavior [ RunTime:0.001000s ]
INFO: [ app_begin ] --END-- [ RunTime:0.001000s ]
NOTIC: [8192] mysql_connect(): The mysql extension is deprecated and will be removed in the future: use mysqli or PDO instead D:\phpStudy\WWW\jianxin\library\ThinkPHP\Library\Think\Db\Driver\Mysql.class.php 第 52 行.
SQL: select id,title,date,imagepath from articles where typeId=19 and state=8 order by id desc limit 0,5 [ RunTime:0.002000s ]
SQL: SHOW COLUMNS FROM `bless` [ RunTime:0.010001s ]
SQL: SELECT * FROM `bless` WHERE ( typeId=1 )  [ RunTime:0.001000s ]
SQL: SELECT * FROM `bless` WHERE ( typeId=2 )  [ RunTime:0.001000s ]
SQL: SELECT * FROM `bless` WHERE ( typeId=3 )  [ RunTime:0.000000s ]
SQL: SELECT * FROM `bless` WHERE ( typeId=4 )  [ RunTime:0.001000s ]
SQL: SELECT * FROM `bless` WHERE ( typeId=5 )  [ RunTime:0.001000s ]
SQL: select a.id,a.username,count(b.userId) as count from admin a,articles b where a.id = b.userId and b.state=8 and a.state<9 and dateandtime > '2018-01-01 00:00:00' GROUP by b.userId  order by count desc limit 0,6 [ RunTime:0.002000s ]
SQL: select * from articles where typeId=18 and state=8 order by id desc limit 0,1 [ RunTime:0.000000s ]
SQL: select id,title,date from articles where typeId=14 and state=8 order by id desc limit 0,10 [ RunTime:0.001000s ]
SQL: select id,title,date from articles where typeId=15 and state=8 order by id desc limit 0,5 [ RunTime:0.005000s ]
SQL: select dateandtime,DATE_ADD(dateandtime,INTERVAL 1 week) as time,id,title,date,imagepath,content from articles where typeId=16 and state=8 order by id desc limit 0,5 [ RunTime:0.005001s ]
SQL: select dateandtime,DATE_ADD(dateandtime,INTERVAL 1 week) as time,id,title,date from articles where typeId=17 and state=8 order by id desc limit 0,5 [ RunTime:0.004000s ]
SQL: select dateandtime,DATE_ADD(dateandtime,INTERVAL 1 week) as time,id,title,date,imagepath from articles where typeId=1 and state=8 order by id desc limit 0,9 [ RunTime:0.002000s ]
SQL: select dateandtime,DATE_ADD(dateandtime,INTERVAL 1 week) as time,id,title,date from articles where typeId=2 and state=8 order by id desc limit 0,8 [ RunTime:0.004000s ]
SQL: select dateandtime,DATE_ADD(dateandtime,INTERVAL 1 week) as time,id,title,date from articles where typeId=3 and state=8 order by id desc limit 0,8 [ RunTime:0.001000s ]
SQL: select dateandtime,DATE_ADD(dateandtime,INTERVAL 1 week) as time,id,title,date from articles where typeId=4 and state=8 order by id desc limit 0,8 [ RunTime:0.002000s ]
SQL: select dateandtime,DATE_ADD(dateandtime,INTERVAL 1 week) as time,id,title,date from articles where typeId=5 and state=8 order by id desc limit 0,8 [ RunTime:0.003000s ]
SQL: select dateandtime,DATE_ADD(dateandtime,INTERVAL 1 week) as time,id,title,date from articles where typeId=6 and state=8 order by id desc limit 0,8 [ RunTime:0.002000s ]
SQL: select dateandtime,DATE_ADD(dateandtime,INTERVAL 1 week) as time,id,title,date from articles where typeId=7 and state=8 order by id desc limit 0,8 [ RunTime:0.002000s ]
SQL: select dateandtime,DATE_ADD(dateandtime,INTERVAL 1 week) as time,id,title,date from articles where typeId=8 and state=8 order by id desc limit 0,8 [ RunTime:0.003000s ]
SQL: select dateandtime,DATE_ADD(dateandtime,INTERVAL 1 week) as time,id,title,date from articles where typeId=9 and state=8 order by id desc limit 0,8 [ RunTime:0.003000s ]
SQL: select dateandtime,DATE_ADD(dateandtime,INTERVAL 1 week) as time,id,title,date from articles where typeId=10 and state=8 order by id desc limit 0,8 [ RunTime:0.004001s ]
SQL: select dateandtime,DATE_ADD(dateandtime,INTERVAL 1 week) as time,id,title,date from articles where typeId=11 and state=8 order by id desc limit 0,8 [ RunTime:0.003000s ]
SQL: select dateandtime,DATE_ADD(dateandtime,INTERVAL 1 week) as time,id,title,date from articles where typeId=12 and state=8 order by id desc limit 0,8 [ RunTime:0.004000s ]
SQL: select dateandtime,DATE_ADD(dateandtime,INTERVAL 1 week) as time,id,title,date from articles where typeId=13 and state=8 order by id desc limit 0,8 [ RunTime:0.007000s ]
SQL: select * from articles where id=277 [ RunTime:0.001000s ]
SQL: select * from articles where typeId=10 order by id desc limit 1 [ RunTime:0.000000s ]
INFO: [ view_parse ] --START--
INFO: [ template_filter ] --START--
INFO: Run Behavior\ContentReplaceBehavior [ RunTime:0.000000s ]
INFO: [ template_filter ] --END-- [ RunTime:0.000000s ]
INFO: Run Behavior\ParseTemplateBehavior [ RunTime:0.047003s ]
INFO: [ view_parse ] --END-- [ RunTime:0.047003s ]
INFO: [ view_filter ] --START--
INFO: Run Behavior\WriteHtmlCacheBehavior [ RunTime:0.001000s ]
INFO: [ view_filter ] --END-- [ RunTime:0.001000s ]
INFO: [ app_end ] --START--
INFO: Run Behavior\ShowPageTraceBehavior [ RunTime:0.001000s ]
INFO: [ app_end ] --END-- [ RunTime:0.001000s ]

[ 2018-07-24T15:07:20+08:00 ] 172.66.66.168 /index.php/Old/index
INFO: [ app_init ] --START--
INFO: Run Behavior\BuildLiteBehavior [ RunTime:0.000000s ]
INFO: [ app_init ] --END-- [ RunTime:0.001000s ]
INFO: [ app_begin ] --START--
INFO: Run Behavior\ReadHtmlCacheBehavior [ RunTime:0.000000s ]
INFO: [ app_begin ] --END-- [ RunTime:0.000000s ]
NOTIC: [8192] mysql_connect(): The mysql extension is deprecated and will be removed in the future: use mysqli or PDO instead D:\phpStudy\WWW\jianxin\library\ThinkPHP\Library\Think\Db\Driver\Mysql.class.php 第 52 行.
SQL: select id,title,date,imagepath from articles where typeId=19 and state=8 order by id desc limit 0,5 [ RunTime:0.001000s ]
SQL: SHOW COLUMNS FROM `bless` [ RunTime:0.007001s ]
SQL: SELECT * FROM `bless` WHERE ( typeId=1 )  [ RunTime:0.000000s ]
SQL: SELECT * FROM `bless` WHERE ( typeId=2 )  [ RunTime:0.000000s ]
SQL: SELECT * FROM `bless` WHERE ( typeId=3 )  [ RunTime:0.000000s ]
SQL: SELECT * FROM `bless` WHERE ( typeId=4 )  [ RunTime:0.000000s ]
SQL: SELECT * FROM `bless` WHERE ( typeId=5 )  [ RunTime:0.000000s ]
SQL: select a.id,a.username,count(b.userId) as count from admin a,articles b where a.id = b.userId and b.state=8 and a.state<9 and dateandtime > '2018-01-01 00:00:00' GROUP by b.userId  order by count desc limit 0,6 [ RunTime:0.001000s ]
SQL: select * from articles where typeId=18 and state=8 order by id desc limit 0,1 [ RunTime:0.000000s ]
SQL: select id,title,date from articles where typeId=14 and state=8 order by id desc limit 0,10 [ RunTime:0.000000s ]
SQL: select id,title,date from articles where typeId=15 and state=8 order by id desc limit 0,5 [ RunTime:0.001000s ]
SQL: select dateandtime,DATE_ADD(dateandtime,INTERVAL 1 week) as time,id,title,date,imagepath,content from articles where typeId=16 and state=8 order by id desc limit 0,5 [ RunTime:0.001000s ]
SQL: select dateandtime,DATE_ADD(dateandtime,INTERVAL 1 week) as time,id,title,date from articles where typeId=17 and state=8 order by id desc limit 0,5 [ RunTime:0.002000s ]
SQL: select dateandtime,DATE_ADD(dateandtime,INTERVAL 1 week) as time,id,title,date,imagepath from articles where typeId=1 and state=8 order by id desc limit 0,9 [ RunTime:0.000000s ]
SQL: select dateandtime,DATE_ADD(dateandtime,INTERVAL 1 week) as time,id,title,date from articles where typeId=2 and state=8 order by id desc limit 0,8 [ RunTime:0.001000s ]
SQL: select dateandtime,DATE_ADD(dateandtime,INTERVAL 1 week) as time,id,title,date from articles where typeId=3 and state=8 order by id desc limit 0,8 [ RunTime:0.000000s ]
SQL: select dateandtime,DATE_ADD(dateandtime,INTERVAL 1 week) as time,id,title,date from articles where typeId=4 and state=8 order by id desc limit 0,8 [ RunTime:0.001001s ]
SQL: select dateandtime,DATE_ADD(dateandtime,INTERVAL 1 week) as time,id,title,date from articles where typeId=5 and state=8 order by id desc limit 0,8 [ RunTime:0.001000s ]
SQL: select dateandtime,DATE_ADD(dateandtime,INTERVAL 1 week) as time,id,title,date from articles where typeId=6 and state=8 order by id desc limit 0,8 [ RunTime:0.003000s ]
SQL: select dateandtime,DATE_ADD(dateandtime,INTERVAL 1 week) as time,id,title,date from articles where typeId=7 and state=8 order by id desc limit 0,8 [ RunTime:0.002000s ]
SQL: select dateandtime,DATE_ADD(dateandtime,INTERVAL 1 week) as time,id,title,date from articles where typeId=8 and state=8 order by id desc limit 0,8 [ RunTime:0.001000s ]
SQL: select dateandtime,DATE_ADD(dateandtime,INTERVAL 1 week) as time,id,title,date from articles where typeId=9 and state=8 order by id desc limit 0,8 [ RunTime:0.002000s ]
SQL: select dateandtime,DATE_ADD(dateandtime,INTERVAL 1 week) as time,id,title,date from articles where typeId=10 and state=8 order by id desc limit 0,8 [ RunTime:0.005001s ]
SQL: select dateandtime,DATE_ADD(dateandtime,INTERVAL 1 week) as time,id,title,date from articles where typeId=11 and state=8 order by id desc limit 0,8 [ RunTime:0.002000s ]
SQL: select dateandtime,DATE_ADD(dateandtime,INTERVAL 1 week) as time,id,title,date from articles where typeId=12 and state=8 order by id desc limit 0,8 [ RunTime:0.002000s ]
SQL: select dateandtime,DATE_ADD(dateandtime,INTERVAL 1 week) as time,id,title,date from articles where typeId=13 and state=8 order by id desc limit 0,8 [ RunTime:0.003000s ]
SQL: select * from articles where id=277 [ RunTime:0.001000s ]
SQL: select * from articles where typeId=10 order by id desc limit 1 [ RunTime:0.001000s ]
INFO: [ view_parse ] --START--
INFO: [ template_filter ] --START--
INFO: Run Behavior\ContentReplaceBehavior [ RunTime:0.001001s ]
INFO: [ template_filter ] --END-- [ RunTime:0.001001s ]
INFO: Run Behavior\ParseTemplateBehavior [ RunTime:0.030002s ]
INFO: [ view_parse ] --END-- [ RunTime:0.030002s ]
INFO: [ view_filter ] --START--
INFO: Run Behavior\WriteHtmlCacheBehavior [ RunTime:0.001000s ]
INFO: [ view_filter ] --END-- [ RunTime:0.001000s ]
INFO: [ app_end ] --START--
INFO: Run Behavior\ShowPageTraceBehavior [ RunTime:0.000000s ]
INFO: [ app_end ] --END-- [ RunTime:0.000000s ]

[ 2018-07-24T15:07:20+08:00 ] 172.66.66.168 /index.php/Index/index
INFO: [ app_init ] --START--
INFO: Run Behavior\BuildLiteBehavior [ RunTime:0.000000s ]
INFO: [ app_init ] --END-- [ RunTime:0.000000s ]
INFO: [ app_begin ] --START--
INFO: Run Behavior\ReadHtmlCacheBehavior [ RunTime:0.001000s ]
INFO: [ app_begin ] --END-- [ RunTime:0.001000s ]
NOTIC: [8192] mysql_connect(): The mysql extension is deprecated and will be removed in the future: use mysqli or PDO instead D:\phpStudy\WWW\jianxin\library\ThinkPHP\Library\Think\Db\Driver\Mysql.class.php 第 52 行.
SQL: select id,title,date,imagepath from articles where typeId=19 and state=8 order by id desc limit 0,5 [ RunTime:0.002000s ]
SQL: SHOW COLUMNS FROM `bless` [ RunTime:0.011001s ]
SQL: SELECT * FROM `bless` WHERE ( typeId=1 )  [ RunTime:0.002000s ]
SQL: SELECT * FROM `bless` WHERE ( typeId=2 )  [ RunTime:0.000000s ]
SQL: SELECT * FROM `bless` WHERE ( typeId=3 )  [ RunTime:0.000000s ]
SQL: SELECT * FROM `bless` WHERE ( typeId=4 )  [ RunTime:0.001000s ]
SQL: SELECT * FROM `bless` WHERE ( typeId=5 )  [ RunTime:0.001000s ]
SQL: select a.id,a.username,count(b.userId) as count from admin a,articles b where a.id = b.userId and b.state=8 and a.state<9 and dateandtime > '2018-01-01 00:00:00' GROUP by b.userId  order by count desc limit 0,6 [ RunTime:0.002000s ]
SQL: select * from articles where typeId=18 and state=8 order by id desc limit 0,1 [ RunTime:0.001000s ]
SQL: select id,title,date from articles where typeId=14 and state=8 order by id desc limit 0,10 [ RunTime:0.001000s ]
SQL: select id,title,date from articles where typeId=15 and state=8 order by id desc limit 0,5 [ RunTime:0.002001s ]
SQL: select dateandtime,DATE_ADD(dateandtime,INTERVAL 1 week) as time,id,title,date,imagepath,content from articles where typeId=16 and state=8 order by id desc limit 0,5 [ RunTime:0.005000s ]
SQL: select dateandtime,DATE_ADD(dateandtime,INTERVAL 1 week) as time,id,title,date from articles where typeId=17 and state=8 order by id desc limit 0,5 [ RunTime:0.003000s ]
SQL: select dateandtime,DATE_ADD(dateandtime,INTERVAL 1 week) as time,id,title,date,imagepath from articles where typeId=1 and state=8 order by id desc limit 0,9 [ RunTime:0.002000s ]
SQL: select dateandtime,DATE_ADD(dateandtime,INTERVAL 1 week) as time,id,title,date from articles where typeId=2 and state=8 order by id desc limit 0,8 [ RunTime:0.004000s ]
SQL: select dateandtime,DATE_ADD(dateandtime,INTERVAL 1 week) as time,id,title,date from articles where typeId=3 and state=8 order by id desc limit 0,8 [ RunTime:0.002001s ]
SQL: select dateandtime,DATE_ADD(dateandtime,INTERVAL 1 week) as time,id,title,date from articles where typeId=4 and state=8 order by id desc limit 0,8 [ RunTime:0.004000s ]
SQL: select dateandtime,DATE_ADD(dateandtime,INTERVAL 1 week) as time,id,title,date from articles where typeId=5 and state=8 order by id desc limit 0,8 [ RunTime:0.002000s ]
SQL: select dateandtime,DATE_ADD(dateandtime,INTERVAL 1 week) as time,id,title,date from articles where typeId=6 and state=8 order by id desc limit 0,8 [ RunTime:0.003000s ]
SQL: select dateandtime,DATE_ADD(dateandtime,INTERVAL 1 week) as time,id,title,date from articles where typeId=7 and state=8 order by id desc limit 0,8 [ RunTime:0.004000s ]
SQL: select dateandtime,DATE_ADD(dateandtime,INTERVAL 1 week) as time,id,title,date from articles where typeId=8 and state=8 order by id desc limit 0,8 [ RunTime:0.004001s ]
SQL: select dateandtime,DATE_ADD(dateandtime,INTERVAL 1 week) as time,id,title,date from articles where typeId=9 and state=8 order by id desc limit 0,8 [ RunTime:0.004000s ]
SQL: select dateandtime,DATE_ADD(dateandtime,INTERVAL 1 week) as time,id,title,date from articles where typeId=10 and state=8 order by id desc limit 0,8 [ RunTime:0.002000s ]
SQL: select dateandtime,DATE_ADD(dateandtime,INTERVAL 1 week) as time,id,title,date from articles where typeId=11 and state=8 order by id desc limit 0,8 [ RunTime:0.002000s ]
SQL: select dateandtime,DATE_ADD(dateandtime,INTERVAL 1 week) as time,id,title,date from articles where typeId=12 and state=8 order by id desc limit 0,8 [ RunTime:0.002000s ]
SQL: select dateandtime,DATE_ADD(dateandtime,INTERVAL 1 week) as time,id,title,date from articles where typeId=13 and state=8 order by id desc limit 0,8 [ RunTime:0.003000s ]
SQL: select * from articles where id=277 [ RunTime:0.001000s ]
SQL: select * from articles where typeId=10 order by id desc limit 1 [ RunTime:0.001000s ]
INFO: [ view_parse ] --START--
INFO: [ template_filter ] --START--
INFO: Run Behavior\ContentReplaceBehavior [ RunTime:0.000000s ]
INFO: [ template_filter ] --END-- [ RunTime:0.000000s ]
INFO: Run Behavior\ParseTemplateBehavior [ RunTime:0.048003s ]
INFO: [ view_parse ] --END-- [ RunTime:0.048003s ]
INFO: [ view_filter ] --START--
INFO: Run Behavior\WriteHtmlCacheBehavior [ RunTime:0.000000s ]
INFO: [ view_filter ] --END-- [ RunTime:0.000000s ]
INFO: [ app_end ] --START--
INFO: Run Behavior\ShowPageTraceBehavior [ RunTime:0.000000s ]
INFO: [ app_end ] --END-- [ RunTime:0.000000s ]

[ 2018-07-24T15:07:23+08:00 ] 172.66.66.168 /index.php/Index/index
INFO: [ app_init ] --START--
INFO: Run Behavior\BuildLiteBehavior [ RunTime:0.000000s ]
INFO: [ app_init ] --END-- [ RunTime:0.001000s ]
INFO: [ app_begin ] --START--
INFO: Run Behavior\ReadHtmlCacheBehavior [ RunTime:0.001000s ]
INFO: [ app_begin ] --END-- [ RunTime:0.001000s ]
NOTIC: [8192] mysql_connect(): The mysql extension is deprecated and will be removed in the future: use mysqli or PDO instead D:\phpStudy\WWW\jianxin\library\ThinkPHP\Library\Think\Db\Driver\Mysql.class.php 第 52 行.
SQL: select id,title,date,imagepath from articles where typeId=19 and state=8 order by id desc limit 0,5 [ RunTime:0.002000s ]
SQL: SHOW COLUMNS FROM `bless` [ RunTime:0.009001s ]
SQL: SELECT * FROM `bless` WHERE ( typeId=1 )  [ RunTime:0.001000s ]
SQL: SELECT * FROM `bless` WHERE ( typeId=2 )  [ RunTime:0.000000s ]
SQL: SELECT * FROM `bless` WHERE ( typeId=3 )  [ RunTime:0.001000s ]
SQL: SELECT * FROM `bless` WHERE ( typeId=4 )  [ RunTime:0.000000s ]
SQL: SELECT * FROM `bless` WHERE ( typeId=5 )  [ RunTime:0.000000s ]
SQL: select a.id,a.username,count(b.userId) as count from admin a,articles b where a.id = b.userId and b.state=8 and a.state<9 and dateandtime > '2018-01-01 00:00:00' GROUP by b.userId  order by count desc limit 0,6 [ RunTime:0.002000s ]
SQL: select * from articles where typeId=18 and state=8 order by id desc limit 0,1 [ RunTime:0.000000s ]
SQL: select id,title,date from articles where typeId=14 and state=8 order by id desc limit 0,10 [ RunTime:0.001000s ]
SQL: select id,title,date from articles where typeId=15 and state=8 order by id desc limit 0,5 [ RunTime:0.002000s ]
SQL: select dateandtime,DATE_ADD(dateandtime,INTERVAL 1 week) as time,id,title,date,imagepath,content from articles where typeId=16 and state=8 order by id desc limit 0,5 [ RunTime:0.003000s ]
SQL: select dateandtime,DATE_ADD(dateandtime,INTERVAL 1 week) as time,id,title,date from articles where typeId=17 and state=8 order by id desc limit 0,5 [ RunTime:0.002001s ]
SQL: select dateandtime,DATE_ADD(dateandtime,INTERVAL 1 week) as time,id,title,date,imagepath from articles where typeId=1 and state=8 order by id desc limit 0,9 [ RunTime:0.001000s ]
SQL: select dateandtime,DATE_ADD(dateandtime,INTERVAL 1 week) as time,id,title,date from articles where typeId=2 and state=8 order by id desc limit 0,8 [ RunTime:0.002000s ]
SQL: select dateandtime,DATE_ADD(dateandtime,INTERVAL 1 week) as time,id,title,date from articles where typeId=3 and state=8 order by id desc limit 0,8 [ RunTime:0.001000s ]
SQL: select dateandtime,DATE_ADD(dateandtime,INTERVAL 1 week) as time,id,title,date from articles where typeId=4 and state=8 order by id desc limit 0,8 [ RunTime:0.002000s ]
SQL: select dateandtime,DATE_ADD(dateandtime,INTERVAL 1 week) as time,id,title,date from articles where typeId=5 and state=8 order by id desc limit 0,8 [ RunTime:0.003000s ]
SQL: select dateandtime,DATE_ADD(dateandtime,INTERVAL 1 week) as time,id,title,date from articles where typeId=6 and state=8 order by id desc limit 0,8 [ RunTime:0.001000s ]
SQL: select dateandtime,DATE_ADD(dateandtime,INTERVAL 1 week) as time,id,title,date from articles where typeId=7 and state=8 order by id desc limit 0,8 [ RunTime:0.002000s ]
SQL: select dateandtime,DATE_ADD(dateandtime,INTERVAL 1 week) as time,id,title,date from articles where typeId=8 and state=8 order by id desc limit 0,8 [ RunTime:0.002000s ]
SQL: select dateandtime,DATE_ADD(dateandtime,INTERVAL 1 week) as time,id,title,date from articles where typeId=9 and state=8 order by id desc limit 0,8 [ RunTime:0.001000s ]
SQL: select dateandtime,DATE_ADD(dateandtime,INTERVAL 1 week) as time,id,title,date from articles where typeId=10 and state=8 order by id desc limit 0,8 [ RunTime:0.004001s ]
SQL: select dateandtime,DATE_ADD(dateandtime,INTERVAL 1 week) as time,id,title,date from articles where typeId=11 and state=8 order by id desc limit 0,8 [ RunTime:0.002000s ]
SQL: select dateandtime,DATE_ADD(dateandtime,INTERVAL 1 week) as time,id,title,date from articles where typeId=12 and state=8 order by id desc limit 0,8 [ RunTime:0.002000s ]
SQL: select dateandtime,DATE_ADD(dateandtime,INTERVAL 1 week) as time,id,title,date from articles where typeId=13 and state=8 order by id desc limit 0,8 [ RunTime:0.003000s ]
SQL: select * from articles where id=277 [ RunTime:0.001000s ]
SQL: select * from articles where typeId=10 order by id desc limit 1 [ RunTime:0.000000s ]
INFO: [ view_parse ] --START--
INFO: [ template_filter ] --START--
INFO: Run Behavior\ContentReplaceBehavior [ RunTime:0.000000s ]
INFO: [ template_filter ] --END-- [ RunTime:0.000000s ]
INFO: Run Behavior\ParseTemplateBehavior [ RunTime:0.029002s ]
INFO: [ view_parse ] --END-- [ RunTime:0.029002s ]
INFO: [ view_filter ] --START--
INFO: Run Behavior\WriteHtmlCacheBehavior [ RunTime:0.000000s ]
INFO: [ view_filter ] --END-- [ RunTime:0.000000s ]
INFO: [ app_end ] --START--
INFO: Run Behavior\ShowPageTraceBehavior [ RunTime:0.001000s ]
INFO: [ app_end ] --END-- [ RunTime:0.001000s ]

[ 2018-07-24T15:07:28+08:00 ] 172.66.66.168 /index.php/Index/index
INFO: [ app_init ] --START--
INFO: Run Behavior\BuildLiteBehavior [ RunTime:0.000000s ]
INFO: [ app_init ] --END-- [ RunTime:0.001000s ]
INFO: [ app_begin ] --START--
INFO: Run Behavior\ReadHtmlCacheBehavior [ RunTime:0.001000s ]
INFO: [ app_begin ] --END-- [ RunTime:0.001000s ]
NOTIC: [8192] mysql_connect(): The mysql extension is deprecated and will be removed in the future: use mysqli or PDO instead D:\phpStudy\WWW\jianxin\library\ThinkPHP\Library\Think\Db\Driver\Mysql.class.php 第 52 行.
SQL: select id,title,date,imagepath from articles where typeId=19 and state=8 order by id desc limit 0,5 [ RunTime:0.002000s ]
SQL: SHOW COLUMNS FROM `bless` [ RunTime:0.010001s ]
SQL: SELECT * FROM `bless` WHERE ( typeId=1 )  [ RunTime:0.001000s ]
SQL: SELECT * FROM `bless` WHERE ( typeId=2 )  [ RunTime:0.000000s ]
SQL: SELECT * FROM `bless` WHERE ( typeId=3 )  [ RunTime:0.001000s ]
SQL: SELECT * FROM `bless` WHERE ( typeId=4 )  [ RunTime:0.001000s ]
SQL: SELECT * FROM `bless` WHERE ( typeId=5 )  [ RunTime:0.000000s ]
SQL: select a.id,a.username,count(b.userId) as count from admin a,articles b where a.id = b.userId and b.state=8 and a.state<9 and dateandtime > '2018-01-01 00:00:00' GROUP by b.userId  order by count desc limit 0,6 [ RunTime:0.002000s ]
SQL: select * from articles where typeId=18 and state=8 order by id desc limit 0,1 [ RunTime:0.000000s ]
SQL: select id,title,date from articles where typeId=14 and state=8 order by id desc limit 0,10 [ RunTime:0.001000s ]
SQL: select id,title,date from articles where typeId=15 and state=8 order by id desc limit 0,5 [ RunTime:0.003000s ]
SQL: select dateandtime,DATE_ADD(dateandtime,INTERVAL 1 week) as time,id,title,date,imagepath,content from articles where typeId=16 and state=8 order by id desc limit 0,5 [ RunTime:0.003001s ]
SQL: select dateandtime,DATE_ADD(dateandtime,INTERVAL 1 week) as time,id,title,date from articles where typeId=17 and state=8 order by id desc limit 0,5 [ RunTime:0.003000s ]
SQL: select dateandtime,DATE_ADD(dateandtime,INTERVAL 1 week) as time,id,title,date,imagepath from articles where typeId=1 and state=8 order by id desc limit 0,9 [ RunTime:0.001000s ]
SQL: select dateandtime,DATE_ADD(dateandtime,INTERVAL 1 week) as time,id,title,date from articles where typeId=2 and state=8 order by id desc limit 0,8 [ RunTime:0.004000s ]
SQL: select dateandtime,DATE_ADD(dateandtime,INTERVAL 1 week) as time,id,title,date from articles where typeId=3 and state=8 order by id desc limit 0,8 [ RunTime:0.001000s ]
SQL: select dateandtime,DATE_ADD(dateandtime,INTERVAL 1 week) as time,id,title,date from articles where typeId=4 and state=8 order by id desc limit 0,8 [ RunTime:0.003000s ]
SQL: select dateandtime,DATE_ADD(dateandtime,INTERVAL 1 week) as time,id,title,date from articles where typeId=5 and state=8 order by id desc limit 0,8 [ RunTime:0.002000s ]
SQL: select dateandtime,DATE_ADD(dateandtime,INTERVAL 1 week) as time,id,title,date from articles where typeId=6 and state=8 order by id desc limit 0,8 [ RunTime:0.003001s ]
SQL: select dateandtime,DATE_ADD(dateandtime,INTERVAL 1 week) as time,id,title,date from articles where typeId=7 and state=8 order by id desc limit 0,8 [ RunTime:0.003000s ]
SQL: select dateandtime,DATE_ADD(dateandtime,INTERVAL 1 week) as time,id,title,date from articles where typeId=8 and state=8 order by id desc limit 0,8 [ RunTime:0.003000s ]
SQL: select dateandtime,DATE_ADD(dateandtime,INTERVAL 1 week) as time,id,title,date from articles where typeId=9 and state=8 order by id desc limit 0,8 [ RunTime:0.004000s ]
SQL: select dateandtime,DATE_ADD(dateandtime,INTERVAL 1 week) as time,id,title,date from articles where typeId=10 and state=8 order by id desc limit 0,8 [ RunTime:0.003000s ]
SQL: select dateandtime,DATE_ADD(dateandtime,INTERVAL 1 week) as time,id,title,date from articles where typeId=11 and state=8 order by id desc limit 0,8 [ RunTime:0.002000s ]
SQL: select dateandtime,DATE_ADD(dateandtime,INTERVAL 1 week) as time,id,title,date from articles where typeId=12 and state=8 order by id desc limit 0,8 [ RunTime:0.001001s ]
SQL: select dateandtime,DATE_ADD(dateandtime,INTERVAL 1 week) as time,id,title,date from articles where typeId=13 and state=8 order by id desc limit 0,8 [ RunTime:0.001000s ]
SQL: select * from articles where id=277 [ RunTime:0.000000s ]
SQL: select * from articles where typeId=10 order by id desc limit 1 [ RunTime:0.000000s ]
INFO: [ view_parse ] --START--
INFO: [ template_filter ] --START--
INFO: Run Behavior\ContentReplaceBehavior [ RunTime:0.000000s ]
INFO: [ template_filter ] --END-- [ RunTime:0.000000s ]
INFO: Run Behavior\ParseTemplateBehavior [ RunTime:0.038002s ]
INFO: [ view_parse ] --END-- [ RunTime:0.038002s ]
INFO: [ view_filter ] --START--
INFO: Run Behavior\WriteHtmlCacheBehavior [ RunTime:0.001000s ]
INFO: [ view_filter ] --END-- [ RunTime:0.001000s ]
INFO: [ app_end ] --START--
INFO: Run Behavior\ShowPageTraceBehavior [ RunTime:0.001000s ]
INFO: [ app_end ] --END-- [ RunTime:0.001000s ]

