[ 2018-07-27T09:10:14+08:00 ] 172.66.66.168 /
INFO: [ app_init ] --START--
INFO: Run Behavior\BuildLiteBehavior [ RunTime:0.000000s ]
INFO: [ app_init ] --END-- [ RunTime:0.005000s ]
INFO: [ app_begin ] --START--
INFO: Run Behavior\ReadHtmlCacheBehavior [ RunTime:0.001000s ]
INFO: [ app_begin ] --END-- [ RunTime:0.001000s ]
SQL: select id,title,date,imagepath from articles where typeId=19 and state=8 order by id desc limit 0,5 [ RunTime:0.113006s ]
SQL: SHOW COLUMNS FROM `bless` [ RunTime:0.018001s ]
SQL: SELECT * FROM `bless` WHERE ( typeId=1 )  [ RunTime:0.002000s ]
SQL: SELECT * FROM `bless` WHERE ( typeId=2 )  [ RunTime:0.001001s ]
SQL: SELECT * FROM `bless` WHERE ( typeId=3 )  [ RunTime:0.001000s ]
SQL: SELECT * FROM `bless` WHERE ( typeId=4 )  [ RunTime:0.001000s ]
SQL: SELECT * FROM `bless` WHERE ( typeId=5 )  [ RunTime:0.001000s ]
SQL: select a.id,a.username,count(b.userId) as count from admin a,articles b where a.id = b.userId and b.state=8 and a.state<9 and dateandtime > '2018-01-01 00:00:00' GROUP by b.userId  order by count desc limit 0,6 [ RunTime:0.196011s ]
SQL: select * from articles where typeId=18 and state=8 order by id desc limit 0,1 [ RunTime:0.002000s ]
SQL: select id,title,date from articles where typeId=14 and state=8 order by id desc limit 0,10 [ RunTime:0.001000s ]
SQL: select id,title,date from articles where typeId=15 and state=8 order by id desc limit 0,5 [ RunTime:0.006000s ]
SQL: select dateandtime,DATE_ADD(dateandtime,INTERVAL 1 week) as time,id,title,date,imagepath,content from articles where typeId=16 and state=8 order by id desc limit 0,5 [ RunTime:0.004001s ]
SQL: select dateandtime,DATE_ADD(dateandtime,INTERVAL 1 week) as time,id,title,date from articles where typeId=17 and state=8 order by id desc limit 0,5 [ RunTime:0.002000s ]
SQL: select dateandtime,DATE_ADD(dateandtime,INTERVAL 1 week) as time,id,title,date,imagepath from articles where typeId=1 and state=8 order by id desc limit 0,9 [ RunTime:0.001000s ]
SQL: select dateandtime,DATE_ADD(dateandtime,INTERVAL 1 week) as time,id,title,date from articles where typeId=2 and state=8 order by id desc limit 0,8 [ RunTime:0.002000s ]
SQL: select dateandtime,DATE_ADD(dateandtime,INTERVAL 1 week) as time,id,title,date from articles where typeId=3 and state=8 order by id desc limit 0,8 [ RunTime:0.001000s ]
SQL: select dateandtime,DATE_ADD(dateandtime,INTERVAL 1 week) as time,id,title,date from articles where typeId=4 and state=8 order by id desc limit 0,8 [ RunTime:0.002000s ]
SQL: select dateandtime,DATE_ADD(dateandtime,INTERVAL 1 week) as time,id,title,date from articles where typeId=5 and state=8 order by id desc limit 0,8 [ RunTime:0.001000s ]
SQL: select dateandtime,DATE_ADD(dateandtime,INTERVAL 1 week) as time,id,title,date from articles where typeId=6 and state=8 order by id desc limit 0,8 [ RunTime:0.003000s ]
SQL: select dateandtime,DATE_ADD(dateandtime,INTERVAL 1 week) as time,id,title,date from articles where typeId=7 and state=8 order by id desc limit 0,8 [ RunTime:0.002000s ]
SQL: select dateandtime,DATE_ADD(dateandtime,INTERVAL 1 week) as time,id,title,date from articles where typeId=8 and state=8 order by id desc limit 0,8 [ RunTime:0.001001s ]
SQL: select dateandtime,DATE_ADD(dateandtime,INTERVAL 1 week) as time,id,title,date from articles where typeId=9 and state=8 order by id desc limit 0,8 [ RunTime:0.002000s ]
SQL: select dateandtime,DATE_ADD(dateandtime,INTERVAL 1 week) as time,id,title,date from articles where typeId=10 and state=8 order by id desc limit 0,8 [ RunTime:0.001000s ]
SQL: select dateandtime,DATE_ADD(dateandtime,INTERVAL 1 week) as time,id,title,date from articles where typeId=11 and state=8 order by id desc limit 0,8 [ RunTime:0.002000s ]
SQL: select dateandtime,DATE_ADD(dateandtime,INTERVAL 1 week) as time,id,title,date from articles where typeId=12 and state=8 order by id desc limit 0,8 [ RunTime:0.001000s ]
SQL: select dateandtime,DATE_ADD(dateandtime,INTERVAL 1 week) as time,id,title,date from articles where typeId=13 and state=8 order by id desc limit 0,8 [ RunTime:0.002000s ]
SQL: select * from articles where typeId=21 order by id desc limit 1 [ RunTime:0.000000s ]
SQL: select * from articles where typeId=10 order by id desc limit 1 [ RunTime:0.000000s ]
SQL: select * from articles where typeId=10 order by id desc [ RunTime:0.001000s ]
INFO: [ view_parse ] --START--
INFO: [ template_filter ] --START--
INFO: Run Behavior\ContentReplaceBehavior [ RunTime:0.000000s ]
INFO: [ template_filter ] --END-- [ RunTime:0.000000s ]
INFO: Run Behavior\ParseTemplateBehavior [ RunTime:0.135008s ]
INFO: [ view_parse ] --END-- [ RunTime:0.135008s ]
INFO: [ view_filter ] --START--
INFO: Run Behavior\WriteHtmlCacheBehavior [ RunTime:0.016001s ]
INFO: [ view_filter ] --END-- [ RunTime:0.016001s ]
INFO: [ app_end ] --START--
INFO: Run Behavior\ShowPageTraceBehavior [ RunTime:0.008000s ]
INFO: [ app_end ] --END-- [ RunTime:0.009000s ]

[ 2018-07-27T09:10:36+08:00 ] 172.66.66.168 /index.php/Old/index
INFO: [ app_init ] --START--
INFO: Run Behavior\BuildLiteBehavior [ RunTime:0.000000s ]
INFO: [ app_init ] --END-- [ RunTime:0.001000s ]
INFO: [ app_begin ] --START--
INFO: Run Behavior\ReadHtmlCacheBehavior [ RunTime:0.001000s ]
INFO: [ app_begin ] --END-- [ RunTime:0.001000s ]
SQL: select id,title,date,imagepath from articles where typeId=19 and state=8 order by id desc limit 0,5 [ RunTime:0.001000s ]
SQL: SHOW COLUMNS FROM `bless` [ RunTime:0.005001s ]
SQL: SELECT * FROM `bless` WHERE ( typeId=1 )  [ RunTime:0.000000s ]
SQL: SELECT * FROM `bless` WHERE ( typeId=2 )  [ RunTime:0.000000s ]
SQL: SELECT * FROM `bless` WHERE ( typeId=3 )  [ RunTime:0.000000s ]
SQL: SELECT * FROM `bless` WHERE ( typeId=4 )  [ RunTime:0.001000s ]
SQL: SELECT * FROM `bless` WHERE ( typeId=5 )  [ RunTime:0.000000s ]
SQL: select a.id,a.username,count(b.userId) as count from admin a,articles b where a.id = b.userId and b.state=8 and a.state<9 and dateandtime > '2018-01-01 00:00:00' GROUP by b.userId  order by count desc limit 0,6 [ RunTime:0.002000s ]
SQL: select * from articles where typeId=18 and state=8 order by id desc limit 0,1 [ RunTime:0.000000s ]
SQL: select id,title,date from articles where typeId=14 and state=8 order by id desc limit 0,10 [ RunTime:0.001000s ]
SQL: select id,title,date from articles where typeId=15 and state=8 order by id desc limit 0,5 [ RunTime:0.001000s ]
SQL: select dateandtime,DATE_ADD(dateandtime,INTERVAL 1 week) as time,id,title,date,imagepath,content from articles where typeId=16 and state=8 order by id desc limit 0,5 [ RunTime:0.002000s ]
SQL: select dateandtime,DATE_ADD(dateandtime,INTERVAL 1 week) as time,id,title,date from articles where typeId=17 and state=8 order by id desc limit 0,5 [ RunTime:0.002000s ]
SQL: select dateandtime,DATE_ADD(dateandtime,INTERVAL 1 week) as time,id,title,date,imagepath from articles where typeId=1 and state=8 order by id desc limit 0,9 [ RunTime:0.001000s ]
SQL: select dateandtime,DATE_ADD(dateandtime,INTERVAL 1 week) as time,id,title,date from articles where typeId=2 and state=8 order by id desc limit 0,8 [ RunTime:0.002001s ]
SQL: select dateandtime,DATE_ADD(dateandtime,INTERVAL 1 week) as time,id,title,date from articles where typeId=3 and state=8 order by id desc limit 0,8 [ RunTime:0.001000s ]
SQL: select dateandtime,DATE_ADD(dateandtime,INTERVAL 1 week) as time,id,title,date from articles where typeId=4 and state=8 order by id desc limit 0,8 [ RunTime:0.001000s ]
SQL: select dateandtime,DATE_ADD(dateandtime,INTERVAL 1 week) as time,id,title,date from articles where typeId=5 and state=8 order by id desc limit 0,8 [ RunTime:0.002000s ]
SQL: select dateandtime,DATE_ADD(dateandtime,INTERVAL 1 week) as time,id,title,date from articles where typeId=6 and state=8 order by id desc limit 0,8 [ RunTime:0.001000s ]
SQL: select dateandtime,DATE_ADD(dateandtime,INTERVAL 1 week) as time,id,title,date from articles where typeId=7 and state=8 order by id desc limit 0,8 [ RunTime:0.001000s ]
SQL: select dateandtime,DATE_ADD(dateandtime,INTERVAL 1 week) as time,id,title,date from articles where typeId=8 and state=8 order by id desc limit 0,8 [ RunTime:0.001000s ]
SQL: select dateandtime,DATE_ADD(dateandtime,INTERVAL 1 week) as time,id,title,date from articles where typeId=9 and state=8 order by id desc limit 0,8 [ RunTime:0.002000s ]
SQL: select dateandtime,DATE_ADD(dateandtime,INTERVAL 1 week) as time,id,title,date from articles where typeId=10 and state=8 order by id desc limit 0,8 [ RunTime:0.001000s ]
SQL: select dateandtime,DATE_ADD(dateandtime,INTERVAL 1 week) as time,id,title,date from articles where typeId=11 and state=8 order by id desc limit 0,8 [ RunTime:0.003000s ]
SQL: select dateandtime,DATE_ADD(dateandtime,INTERVAL 1 week) as time,id,title,date from articles where typeId=12 and state=8 order by id desc limit 0,8 [ RunTime:0.002000s ]
SQL: select dateandtime,DATE_ADD(dateandtime,INTERVAL 1 week) as time,id,title,date from articles where typeId=13 and state=8 order by id desc limit 0,8 [ RunTime:0.002001s ]
SQL: select * from articles where id=277 [ RunTime:0.000000s ]
SQL: select * from articles where typeId=10 order by id desc limit 1 [ RunTime:0.000000s ]
INFO: [ view_parse ] --START--
INFO: [ template_filter ] --START--
INFO: Run Behavior\ContentReplaceBehavior [ RunTime:0.000000s ]
INFO: [ template_filter ] --END-- [ RunTime:0.000000s ]
INFO: Run Behavior\ParseTemplateBehavior [ RunTime:0.052003s ]
INFO: [ view_parse ] --END-- [ RunTime:0.052003s ]
INFO: [ view_filter ] --START--
INFO: Run Behavior\WriteHtmlCacheBehavior [ RunTime:0.000000s ]
INFO: [ view_filter ] --END-- [ RunTime:0.000000s ]
INFO: [ app_end ] --START--
INFO: Run Behavior\ShowPageTraceBehavior [ RunTime:0.001000s ]
INFO: [ app_end ] --END-- [ RunTime:0.001000s ]

[ 2018-07-27T09:11:09+08:00 ] 172.66.66.168 /index.php/Listtype/index/typeId/14
INFO: [ app_init ] --START--
INFO: Run Behavior\BuildLiteBehavior [ RunTime:0.000000s ]
INFO: [ app_init ] --END-- [ RunTime:0.001000s ]
INFO: [ app_begin ] --START--
INFO: Run Behavior\ReadHtmlCacheBehavior [ RunTime:0.000000s ]
INFO: [ app_begin ] --END-- [ RunTime:0.000000s ]
SQL: SHOW COLUMNS FROM `types` [ RunTime:0.028002s ]
SQL: SELECT * FROM `types` WHERE ( fid=0 )  [ RunTime:0.001000s ]
SQL: SELECT * FROM `types` WHERE ( fid=1 )  [ RunTime:0.000000s ]
SQL: SELECT * FROM `types` WHERE ( fid=2 )  [ RunTime:0.000000s ]
SQL: SELECT * FROM `types` WHERE ( fid=3 )  [ RunTime:0.000000s ]
SQL: SELECT * FROM `types` WHERE ( fid=4 )  [ RunTime:0.000000s ]
SQL: SELECT * FROM `types` WHERE ( fid=5 )  [ RunTime:0.000000s ]
SQL: SELECT * FROM `types` WHERE ( fid=6 )  [ RunTime:0.001000s ]
SQL: SELECT * FROM `types` WHERE ( fid=7 )  [ RunTime:0.000000s ]
SQL: SELECT * FROM `types` WHERE ( fid=8 )  [ RunTime:0.000000s ]
SQL: SELECT * FROM `types` WHERE ( fid=9 )  [ RunTime:0.001000s ]
SQL: SELECT * FROM `types` WHERE ( fid=10 )  [ RunTime:0.000000s ]
SQL: SELECT * FROM `types` WHERE ( fid=11 )  [ RunTime:0.000000s ]
SQL: SELECT * FROM `types` WHERE ( fid=12 )  [ RunTime:0.000000s ]
SQL: SELECT * FROM `types` WHERE ( fid=13 )  [ RunTime:0.001000s ]
SQL: SELECT * FROM `types` WHERE ( fid=14 )  [ RunTime:0.000000s ]
SQL: SELECT * FROM `types` WHERE ( fid=15 )  [ RunTime:0.000000s ]
SQL: SELECT * FROM `types` WHERE ( fid=16 )  [ RunTime:0.001000s ]
SQL: SELECT * FROM `types` WHERE ( fid=17 )  [ RunTime:0.000000s ]
SQL: SELECT * FROM `types` WHERE ( fid=18 )  [ RunTime:0.000000s ]
SQL: SELECT * FROM `types` WHERE ( fid=19 )  [ RunTime:0.000000s ]
SQL: SELECT * FROM `types` WHERE ( fid=20 )  [ RunTime:0.001000s ]
SQL: SELECT * FROM `types` WHERE ( fid=21 )  [ RunTime:0.000000s ]
SQL: SHOW COLUMNS FROM `articles` [ RunTime:0.005001s ]
SQL: SELECT COUNT(*) AS tp_count FROM `articles` WHERE ( state=8 and typeId=14 ) LIMIT 1   [ RunTime:0.001000s ]
SQL: SELECT * FROM `articles` WHERE ( typeId=14 and state=8 ) ORDER BY id desc LIMIT 0,20   [ RunTime:0.002000s ]
SQL: SELECT * FROM `types` WHERE ( typeId=14 ) LIMIT 1   [ RunTime:0.000000s ]
SQL: SELECT * FROM `types` WHERE ( typeId=0 ) LIMIT 1   [ RunTime:0.000000s ]
INFO: [ view_parse ] --START--
INFO: [ template_filter ] --START--
INFO: Run Behavior\ContentReplaceBehavior [ RunTime:0.000000s ]
INFO: [ template_filter ] --END-- [ RunTime:0.000000s ]
INFO: Run Behavior\ParseTemplateBehavior [ RunTime:0.042002s ]
INFO: [ view_parse ] --END-- [ RunTime:0.042002s ]
INFO: [ view_filter ] --START--
INFO: Run Behavior\WriteHtmlCacheBehavior [ RunTime:0.001000s ]
INFO: [ view_filter ] --END-- [ RunTime:0.001000s ]
INFO: [ app_end ] --START--
INFO: Run Behavior\ShowPageTraceBehavior [ RunTime:0.001000s ]
INFO: [ app_end ] --END-- [ RunTime:0.002001s ]

